<?xml version="1.0" encoding="UTF-8"?>
<!-- Generated by org.testng.reporters.JUnitReportReporter -->
<testsuite hostname="DESKTOP-PE5C432" failures="0" tests="1" name="com.fpm.qa.TestCases.HomePageTest" time="22.876" errors="0" timestamp="2022-09-09T20:52:53 IST" skipped="0">
  <testcase classname="com.fpm.qa.TestCases.HomePageTest" name="fpmEventsTest" time="22.876"/>
  <system-out/>
</testsuite> <!-- com.fpm.qa.TestCases.HomePageTest -->
