<?xml version="1.0" encoding="UTF-8"?>
<!-- Generated by org.testng.reporters.JUnitReportReporter -->
<testsuite hostname="DESKTOP-PE5C432" failures="0" tests="10" name="com.fpm.qa.TestCases.LoginPageTest" time="117.971" errors="0" timestamp="2022-09-13T21:45:10 IST" skipped="0">
  <testcase classname="com.fpm.qa.TestCases.LoginPageTest" name="loginPageTitleTest" time="9.419"/>
  <system-out/>
  <testcase classname="com.fpm.qa.TestCases.LoginPageTest" name="fpmLogoImageTest" time="8.590"/>
  <system-out/>
  <testcase classname="com.fpm.qa.TestCases.LoginPageTest" name="EnterEmailTest" time="24.467"/>
  <system-out/>
  <testcase classname="com.fpm.qa.TestCases.LoginPageTest" name="EnterPasswordTest" time="11.118"/>
  <system-out/>
  <testcase classname="com.fpm.qa.TestCases.LoginPageTest" name="loginTest" time="12.493"/>
  <system-out/>
  <testcase classname="com.fpm.qa.TestCases.LoginPageTest" name="validateFPMLoginBtnTest" time="9.865"/>
  <system-out/>
  <testcase classname="com.fpm.qa.TestCases.LoginPageTest" name="fpmSignUpBtnTest" time="10.307"/>
  <system-out/>
  <testcase classname="com.fpm.qa.TestCases.LoginPageTest" name="fpmForgotPaswordTest" time="10.990"/>
  <system-out/>
  <testcase classname="com.fpm.qa.TestCases.LoginPageTest" name="fpmMLableTest" time="9.955"/>
  <system-out/>
  <testcase classname="com.fpm.qa.TestCases.LoginPageTest" name="fpmSecondSLableTest" time="10.767"/>
  <system-out/>
</testsuite> <!-- com.fpm.qa.TestCases.LoginPageTest -->
